<?xml version="1.0" encoding="UTF-8"?>
<!-- Generated by org.testng.reporters.JUnitReportReporter -->
<testsuite hostname="DESKTOP-9F9PB9U" failures="0" tests="2" name="com.testng.Before_AfterMethods" time="0.053" errors="0" timestamp="2022-06-14T23:26:31 BDT" skipped="0">
  <testcase classname="com.testng.Before_AfterMethods" name="TestCase_002" time="0.016"/>
  <system-out/>
  <testcase classname="com.testng.Before_AfterMethods" name="TestCase_001" time="0.037"/>
  <system-out/>
</testsuite> <!-- com.testng.Before_AfterMethods -->
