<?xml version="1.0" encoding="UTF-8"?>
<!-- Generated by org.testng.reporters.JUnitReportReporter -->
<testsuite hostname="DESKTOP-9F9PB9U" failures="0" tests="4" name="com.ExtentReports.Extent_Basic" time="0.065" errors="0" timestamp="2022-06-19T21:34:20 BDT" skipped="0">
  <testcase classname="com.ExtentReports.Extent_Basic" name="Extent_TC_002" time="0.004"/>
  <system-out/>
  <testcase classname="com.ExtentReports.Extent_Basic" name="Extent_TC_003" time="0.005"/>
  <system-out/>
  <testcase classname="com.ExtentReports.Extent_Basic" name="Extent_TC_004" time="0.015"/>
  <system-out/>
  <testcase classname="com.ExtentReports.Extent_Basic" name="Extent_TC_001" time="0.041"/>
  <system-out/>
</testsuite> <!-- com.ExtentReports.Extent_Basic -->
