<?xml version="1.0" encoding="UTF-8"?>
<!-- Generated by org.testng.reporters.JUnitReportReporter -->
<testsuite hostname="DESKTOP-9F9PB9U" failures="0" tests="4" name="com.ExtentReports.Extent_Basic" time="0.073" errors="0" timestamp="2022-06-18T22:50:47 BDT" skipped="0">
  <testcase classname="com.ExtentReports.Extent_Basic" name="Extent_TC_001" time="0.043"/>
  <system-out/>
  <testcase classname="com.ExtentReports.Extent_Basic" name="Extent_TC_003" time="0.011"/>
  <system-out/>
  <testcase classname="com.ExtentReports.Extent_Basic" name="Extent_TC_004" time="0.006"/>
  <system-out/>
  <testcase classname="com.ExtentReports.Extent_Basic" name="Extent_TC_002" time="0.013"/>
  <system-out/>
</testsuite> <!-- com.ExtentReports.Extent_Basic -->
