<?xml version="1.0" encoding="UTF-8"?>
<!-- Generated by org.testng.reporters.JUnitReportReporter -->
<testsuite hostname="DESKTOP-9F9PB9U" failures="0" tests="3" name="Data_Provider.DP_LoginTest" time="0.081" errors="0" timestamp="2022-06-19T23:08:49 BDT" skipped="0">
  <testcase classname="Data_Provider.DP_LoginTest" name="Extent_TC_001" time="0.058"/>
  <system-out/>
  <testcase classname="Data_Provider.DP_LoginTest" name="Extent_TC_001" time="0.011"/>
  <system-out/>
  <testcase classname="Data_Provider.DP_LoginTest" name="Extent_TC_001" time="0.012"/>
  <system-out/>
</testsuite> <!-- Data_Provider.DP_LoginTest -->
